Determining if the pthread_create exist failed with the following output:
Change Dir: /home/mayur/ros jade files/catkin_ws/build/CMakeFiles/CMakeTmp

Run Build Command:"/usr/bin/make" "cmTC_ac13d/fast"
/usr/bin/make -f CMakeFiles/cmTC_ac13d.dir/build.make CMakeFiles/cmTC_ac13d.dir/build
make[1]: Entering directory '/home/mayur/ros jade files/catkin_ws/build/CMakeFiles/CMakeTmp'
Building C object CMakeFiles/cmTC_ac13d.dir/CheckSymbolExists.c.o
/usr/bin/cc    -o CMakeFiles/cmTC_ac13d.dir/CheckSymbolExists.c.o   -c "/home/mayur/ros jade files/catkin_ws/build/CMakeFiles/CMakeTmp/CheckSymbolExists.c"
Linking C executable cmTC_ac13d
/usr/local/bin/cmake -E cmake_link_script CMakeFiles/cmTC_ac13d.dir/link.txt --verbose=1
/usr/bin/cc      -rdynamic CMakeFiles/cmTC_ac13d.dir/CheckSymbolExists.c.o  -o cmTC_ac13d 
CMakeFiles/cmTC_ac13d.dir/CheckSymbolExists.c.o: In function `main':
CheckSymbolExists.c:(.text+0x16): undefined reference to `pthread_create'
collect2: error: ld returned 1 exit status
CMakeFiles/cmTC_ac13d.dir/build.make:86: recipe for target 'cmTC_ac13d' failed
make[1]: *** [cmTC_ac13d] Error 1
make[1]: Leaving directory '/home/mayur/ros jade files/catkin_ws/build/CMakeFiles/CMakeTmp'
Makefile:126: recipe for target 'cmTC_ac13d/fast' failed
make: *** [cmTC_ac13d/fast] Error 2

File /home/mayur/ros jade files/catkin_ws/build/CMakeFiles/CMakeTmp/CheckSymbolExists.c:
/* */
#include <pthread.h>

int main(int argc, char** argv)
{
  (void)argv;
#ifndef pthread_create
  return ((int*)(&pthread_create))[argc];
#else
  (void)argc;
  return 0;
#endif
}

Determining if the function pthread_create exists in the pthreads failed with the following output:
Change Dir: /home/mayur/ros jade files/catkin_ws/build/CMakeFiles/CMakeTmp

Run Build Command:"/usr/bin/make" "cmTC_ddf9e/fast"
/usr/bin/make -f CMakeFiles/cmTC_ddf9e.dir/build.make CMakeFiles/cmTC_ddf9e.dir/build
make[1]: Entering directory '/home/mayur/ros jade files/catkin_ws/build/CMakeFiles/CMakeTmp'
Building C object CMakeFiles/cmTC_ddf9e.dir/CheckFunctionExists.c.o
/usr/bin/cc   -DCHECK_FUNCTION_EXISTS=pthread_create   -o CMakeFiles/cmTC_ddf9e.dir/CheckFunctionExists.c.o   -c /usr/local/share/cmake-3.11/Modules/CheckFunctionExists.c
Linking C executable cmTC_ddf9e
/usr/local/bin/cmake -E cmake_link_script CMakeFiles/cmTC_ddf9e.dir/link.txt --verbose=1
/usr/bin/cc  -DCHECK_FUNCTION_EXISTS=pthread_create    -rdynamic CMakeFiles/cmTC_ddf9e.dir/CheckFunctionExists.c.o  -o cmTC_ddf9e -lpthreads 
/usr/bin/ld: cannot find -lpthreads
collect2: error: ld returned 1 exit status
CMakeFiles/cmTC_ddf9e.dir/build.make:86: recipe for target 'cmTC_ddf9e' failed
make[1]: *** [cmTC_ddf9e] Error 1
make[1]: Leaving directory '/home/mayur/ros jade files/catkin_ws/build/CMakeFiles/CMakeTmp'
Makefile:126: recipe for target 'cmTC_ddf9e/fast' failed
make: *** [cmTC_ddf9e/fast] Error 2


